<?xml version="1.0" encoding="UTF-8"?>
<testng-results ignored="0" total="1" passed="1" failed="0" skipped="0">
  <reporter-output>
  </reporter-output>
  <suite started-at="2025-10-01T21:50:02 CDT" name="Default suite" finished-at="2025-10-01T21:50:38 CDT" duration-ms="36217">
    <groups>
    </groups>
    <test started-at="2025-10-01T21:50:02 CDT" name="Default test" finished-at="2025-10-01T21:50:38 CDT" duration-ms="36217">
      <class name="test.CartTest">
        <test-method is-config="true" signature="BeforeRun()[pri:0, instance:test.CartTest@3012646b]" started-at="2025-10-01T21:50:02 CDT" name="BeforeRun" finished-at="2025-10-01T21:50:15 CDT" duration-ms="12852" status="PASS">
          <reporter-output>
          </reporter-output>
        </test-method> <!-- BeforeRun -->
        <test-method signature="CustomerShouldgotoCartPage()[pri:0, instance:test.CartTest@3012646b]" started-at="2025-10-01T21:50:15 CDT" name="CustomerShouldgotoCartPage" finished-at="2025-10-01T21:50:34 CDT" duration-ms="19085" status="PASS">
          <reporter-output>
          </reporter-output>
        </test-method> <!-- CustomerShouldgotoCartPage -->
        <test-method is-config="true" signature="AfterRun()[pri:0, instance:test.CartTest@3012646b]" started-at="2025-10-01T21:50:34 CDT" name="AfterRun" finished-at="2025-10-01T21:50:38 CDT" duration-ms="4001" status="PASS">
          <reporter-output>
          </reporter-output>
        </test-method> <!-- AfterRun -->
      </class> <!-- test.CartTest -->
    </test> <!-- Default test -->
  </suite> <!-- Default suite -->
</testng-results>
